<?xml version="1.0" encoding="UTF-8"?>
<testsuite xmlns:xsi="http://www.w3.org/2001/XMLSchema-instance" xsi:noNamespaceSchemaLocation="https://maven.apache.org/surefire/maven-surefire-plugin/xsd/surefire-test-report-3.0.xsd" version="3.0" name="com.cognizant.spring_web_project_using_maven.SpringWebProjectUsingMavenApplicationTests" time="5.551" tests="1" errors="0" skipped="0" failures="0">
  <properties>
[...]
</properties>
  <testcase name="contextLoads" classname="com.cognizant.spring_web_project_using_maven.SpringWebProjectUsingMavenApplicationTests" time="1.266">
    <system-out><![CDATA[22:09:33.562 [main] INFO org.springframework.test.context.support.AnnotationConfigContextLoaderUtils -- Could not detect default configuration classes for test class [com.cognizant.spring_web_project_using_maven.SpringWebProjectUsingMavenApplicationTests]: SpringWebProjectUsingMavenApplicationTests does not declare any static, non-private, non-final, nested classes annotated with @Configuration.
22:09:33.990 [main] INFO org.springframework.boot.test.context.SpringBootTestContextBootstrapper -- Found @SpringBootConfiguration com.cognizant.spring_web_project_using_maven.SpringWebProjectUsingMavenApplication for test class com.cognizant.spring_web_project_using_maven.SpringWebProjectUsingMavenApplicationTests
22:09:34.260 [main] INFO org.springframework.boot.devtools.restart.RestartApplicationListener -- Restart disabled due to context in which it is running

  .   ____          _            __ _ _
 /\\ / ___'_ __ _ _(_)_ __  __ _ \ \ \ \
( ( )\___ | '_ | '_| | '_ \/ _` | \ \ \ \
 \\/  ___)| |_)| | | | | || (_| |  ) ) ) )
  '  |____| .__|_| |_|_| |_\__, | / / / /
 =========|_|==============|___/=/_/_/_/
 :: Spring Boot ::                (v3.2.0)

2025-07-08T22:09:34.813+05:30  INFO 13860 --- [           main] ringWebProjectUsingMavenApplicationTests : Starting SpringWebProjectUsingMavenApplicationTests using Java 23 with PID 13860 (started by AKHIL in C:\Users\user\Documents\Cognizant Deep Skilling Solutions\Week_4_Spring_REST_using_Spring_Boot\code\spring_web_project_using_maven)
2025-07-08T22:09:34.818+05:30  INFO 13860 --- [           main] ringWebProjectUsingMavenApplicationTests : No active profile set, falling back to 1 default profile: "default"
2025-07-08T22:09:37.360+05:30  INFO 13860 --- [           main] ringWebProjectUsingMavenApplicationTests : Started SpringWebProjectUsingMavenApplicationTests in 3.122 seconds (process running for 5.539)
]]></system-out>
    <system-err><![CDATA[WARNING: A Java agent has been loaded dynamically (C:\Users\user\.m2\repository\net\bytebuddy\byte-buddy-agent\1.14.10\byte-buddy-agent-1.14.10.jar)
WARNING: If a serviceability tool is in use, please run with -XX:+EnableDynamicAgentLoading to hide this warning
WARNING: If a serviceability tool is not in use, please run with -Djdk.instrument.traceUsage for more information
WARNING: Dynamic loading of agents will be disallowed by default in a future release
]]></system-err>
  </testcase>
</testsuite>